#
# There is insufficient memory for the Java Runtime Environment to continue.
# Native memory allocation (malloc) failed to allocate 144336 bytes for Chunk::new
# Possible reasons:
#   The system is out of physical RAM or swap space
#   The process is running with CompressedOops enabled, and the Java Heap may be blocking the growth of the native heap
# Possible solutions:
#   Reduce memory load on the system
#   Increase physical memory or swap space
#   Check if swap backing store is full
#   Decrease Java heap size (-Xmx/-Xms)
#   Decrease number of Java threads
#   Decrease Java thread stack sizes (-Xss)
#   Set larger code cache with -XX:ReservedCodeCacheSize=
#   JVM is running with Unscaled Compressed Oops mode in which the Java heap is
#     placed in the first 4GB address space. The Java Heap base address is the
#     maximum limit for the native heap growth. Please use -XX:HeapBaseMinAddress
#     to set the Java Heap base and to place the Java Heap above 4GB virtual address.
# This output file may be truncated or incomplete.
#
#  Out of Memory Error (./open/src/hotspot/share/memory/arena.cpp:197), pid=9940, tid=15048
#
# JRE version: Java(TM) SE Runtime Environment 18.9 (11.0.19+9) (build 11.0.19+9-LTS-224)
# Java VM: Java HotSpot(TM) 64-Bit Server VM 18.9 (11.0.19+9-LTS-224, mixed mode, tiered, compressed oops, g1 gc, windows-amd64)
# No core dump will be written. Minidumps are not enabled by default on client versions of Windows
#

---------------  S U M M A R Y ------------

Command Line: C:\Users\DELL\AppData\Local\Temp\surefire17344494199870615136\surefirebooter-20230705180959268_3.jar C:\Users\DELL\AppData\Local\Temp\surefire17344494199870615136 2023-07-05T18-09-57_866-jvmRun1 surefire-20230705180959268_1tmp surefire_0-20230705180959268_2tmp

Host: Intel(R) Core(TM) i5-5300U CPU @ 2.30GHz, 4 cores, 7G,  Windows 10 , 64 bit Build 19041 (10.0.19041.3031)
Time: Wed Jul  5 18:10:10 2023 India Standard Time elapsed time: 10.424402 seconds (0d 0h 0m 10s)

---------------  T H R E A D  ---------------

Current thread (0x000002bc690ad000):  JavaThread "C2 CompilerThread0" daemon [_thread_in_native, id=15048, stack(0x000000d03e200000,0x000000d03e300000)]


Current CompileTask:
C2:  10424 2300       4       jdk.internal.loader.URLClassPath::getResource (74 bytes)

Stack: [0x000000d03e200000,0x000000d03e300000]
Native frames: (J=compiled Java code, j=interpreted, Vv=VM code, C=native code)
V  [jvm.dll+0x65fe1a]
V  [jvm.dll+0x7a2bbf]
V  [jvm.dll+0x7a4289]
V  [jvm.dll+0x7a4923]
V  [jvm.dll+0x258a25]
V  [jvm.dll+0xb29cc]
V  [jvm.dll+0xb2f8c]
V  [jvm.dll+0x553312]
V  [jvm.dll+0x32fe24]
V  [jvm.dll+0x32f1da]
V  [jvm.dll+0x21172d]
V  [jvm.dll+0x2106f8]
V  [jvm.dll+0x18c841]
V  [jvm.dll+0x220989]
V  [jvm.dll+0x21ecac]
V  [jvm.dll+0x766921]
V  [jvm.dll+0x75f2e4]
V  [jvm.dll+0x65ecc5]
C  [ucrtbase.dll+0x21bb2]
C  [KERNEL32.DLL+0x17614]
C  [ntdll.dll+0x526f1]


---------------  P R O C E S S  ---------------

Threads class SMR info:
_java_thread_list=0x000002bc6afeef50, length=24, elements={
0x000002bc4b99a800, 0x000002bc69082000, 0x000002bc6908d000, 0x000002bc6909e800,
0x000002bc6909f800, 0x000002bc690a1000, 0x000002bc690ad000, 0x000002bc690b1800,
0x000002bc690b3000, 0x000002bc69b57000, 0x000002bc69b4f000, 0x000002bc6a1b9800,
0x000002bc6af74800, 0x000002bc6abef000, 0x000002bc6ab99800, 0x000002bc6ab97800,
0x000002bc6ab98000, 0x000002bc6ab99000, 0x000002bc6ab9a800, 0x000002bc6ab95800,
0x000002bc6ab9b800, 0x000002bc6ab9c000, 0x000002bc6b3c6000, 0x000002bc69d84800
}

Java Threads: ( => current thread )
  0x000002bc4b99a800 JavaThread "Forwarding newSession on session null to remote" [_thread_in_vm, id=12692, stack(0x000000d03d600000,0x000000d03d700000)]
  0x000002bc69082000 JavaThread "Reference Handler" daemon [_thread_blocked, id=6236, stack(0x000000d03dd00000,0x000000d03de00000)]
  0x000002bc6908d000 JavaThread "Finalizer" daemon [_thread_blocked, id=18668, stack(0x000000d03de00000,0x000000d03df00000)]
  0x000002bc6909e800 JavaThread "Signal Dispatcher" daemon [_thread_blocked, id=15712, stack(0x000000d03df00000,0x000000d03e000000)]
  0x000002bc6909f800 JavaThread "Attach Listener" daemon [_thread_blocked, id=13776, stack(0x000000d03e000000,0x000000d03e100000)]
  0x000002bc690a1000 JavaThread "Service Thread" daemon [_thread_blocked, id=11476, stack(0x000000d03e100000,0x000000d03e200000)]
=>0x000002bc690ad000 JavaThread "C2 CompilerThread0" daemon [_thread_in_native, id=15048, stack(0x000000d03e200000,0x000000d03e300000)]
  0x000002bc690b1800 JavaThread "C1 CompilerThread0" daemon [_thread_blocked, id=4984, stack(0x000000d03e300000,0x000000d03e400000)]
  0x000002bc690b3000 JavaThread "Sweeper thread" daemon [_thread_blocked, id=7784, stack(0x000000d03e400000,0x000000d03e500000)]
  0x000002bc69b57000 JavaThread "Common-Cleaner" daemon [_thread_blocked, id=14748, stack(0x000000d03e600000,0x000000d03e700000)]
  0x000002bc69b4f000 JavaThread "surefire-forkedjvm-stream-flusher" daemon [_thread_blocked, id=1608, stack(0x000000d03e700000,0x000000d03e800000)]
  0x000002bc6a1b9800 JavaThread "surefire-forkedjvm-command-thread" daemon [_thread_in_native, id=1524, stack(0x000000d03e800000,0x000000d03e900000)]
  0x000002bc6af74800 JavaThread "ForkJoinPool.commonPool-worker-3" daemon [_thread_blocked, id=252, stack(0x000000d03ed00000,0x000000d03ee00000)]
  0x000002bc6abef000 JavaThread "ForkJoinPool.commonPool-worker-5" daemon [_thread_blocked, id=14692, stack(0x000000d03ee00000,0x000000d03ef00000)]
  0x000002bc6ab99800 JavaThread "ForkJoinPool.commonPool-worker-7" daemon [_thread_blocked, id=8688, stack(0x000000d03ef00000,0x000000d03f000000)]
  0x000002bc6ab97800 JavaThread "AsyncHttpClient-1-1" daemon [_thread_blocked, id=11620, stack(0x000000d03f000000,0x000000d03f100000)]
  0x000002bc6ab98000 JavaThread "Exec Default Executor" daemon [_thread_in_native, id=13420, stack(0x000000d03f100000,0x000000d03f200000)]
  0x000002bc6ab99000 JavaThread "Exec Stream Pumper" daemon [_thread_in_native, id=7304, stack(0x000000d03f200000,0x000000d03f300000)]
  0x000002bc6ab9a800 JavaThread "Exec Stream Pumper" daemon [_thread_in_native, id=9480, stack(0x000000d03f300000,0x000000d03f400000)]
  0x000002bc6ab95800 JavaThread "Driver Service Executor" daemon [_thread_blocked, id=7016, stack(0x000000d03f400000,0x000000d03f500000)]
  0x000002bc6ab9b800 JavaThread "Driver Service Executor" daemon [_thread_blocked, id=7112, stack(0x000000d03f500000,0x000000d03f600000)]
  0x000002bc6ab9c000 JavaThread "UrlChecker-2" daemon [_thread_blocked, id=14432, stack(0x000000d03f600000,0x000000d03f700000)]
  0x000002bc6b3c6000 JavaThread "AsyncHttpClient-1-2" daemon [_thread_in_native, id=7856, stack(0x000000d03ec00000,0x000000d03ed00000)]
  0x000002bc69d84800 JavaThread "C2 CompilerThread1" daemon [_thread_in_native, id=9512, stack(0x000000d03f800000,0x000000d03f900000)]

Other Threads:
  0x000002bc6905f800 VMThread "VM Thread" [stack: 0x000000d03dc00000,0x000000d03dd00000] [id=8924]
  0x000002bc69b56800 WatcherThread [stack: 0x000000d03e500000,0x000000d03e600000] [id=9948]
  0x000002bc4b9b0800 GCTaskThread "GC Thread#0" [stack: 0x000000d03d700000,0x000000d03d800000] [id=7484]
  0x000002bc6a2ce000 GCTaskThread "GC Thread#1" [stack: 0x000000d03e900000,0x000000d03ea00000] [id=7792]
  0x000002bc6a1dc000 GCTaskThread "GC Thread#2" [stack: 0x000000d03ea00000,0x000000d03eb00000] [id=10480]
  0x000002bc4b9e1000 ConcurrentGCThread "G1 Main Marker" [stack: 0x000000d03d800000,0x000000d03d900000] [id=16968]
  0x000002bc4b9e2800 ConcurrentGCThread "G1 Conc#0" [stack: 0x000000d03d900000,0x000000d03da00000] [id=11248]
  0x000002bc4ba77000 ConcurrentGCThread "G1 Refine#0" [stack: 0x000000d03da00000,0x000000d03db00000] [id=7832]
  0x000002bc69d2d000 ConcurrentGCThread "G1 Refine#1" [stack: 0x000000d03eb00000,0x000000d03ec00000] [id=4956]
  0x000002bc4ba78000 ConcurrentGCThread "G1 Young RemSet Sampling" [stack: 0x000000d03db00000,0x000000d03dc00000] [id=8288]

Threads with active compile tasks:
C2 CompilerThread0    10565 2300       4       jdk.internal.loader.URLClassPath::getResource (74 bytes)
C2 CompilerThread1    10565 2332       4       java.lang.StringLatin1::toUpperCase (180 bytes)

VM state:not at safepoint (normal execution)

VM Mutex/Monitor currently owned by a thread: None

Heap address: 0x0000000081c00000, size: 2020 MB, Compressed Oops mode: 32-bit
Narrow klass base: 0x0000000000000000, Narrow klass shift: 3
Compressed class space size: 1073741824 Address: 0x0000000100000000

Heap:
 garbage-first heap   total 131072K, used 57756K [0x0000000081c00000, 0x0000000100000000)
  region size 1024K, 46 young (47104K), 3 survivors (3072K)
 Metaspace       used 28714K, capacity 29686K, committed 29872K, reserved 1075200K
  class space    used 3367K, capacity 3748K, committed 3840K, reserved 1048576K
Heap Regions: E=young(eden), S=young(survivor), O=old, HS=humongous(starts), HC=humongous(continues), CS=collection set, F=free, A=archive, TAMS=top-at-mark-start (previous, next)
|   0|0x0000000081c00000, 0x0000000081d00000, 0x0000000081d00000|100%| O|  |TAMS 0x0000000081d00000, 0x0000000081c00000| Untracked 
|   1|0x0000000081d00000, 0x0000000081e00000, 0x0000000081e00000|100%| O|  |TAMS 0x0000000081e00000, 0x0000000081d00000| Untracked 
|   2|0x0000000081e00000, 0x0000000081f00000, 0x0000000081f00000|100%| O|  |TAMS 0x0000000081f00000, 0x0000000081e00000| Untracked 
|   3|0x0000000081f00000, 0x0000000082000000, 0x0000000082000000|100%| O|  |TAMS 0x0000000082000000, 0x0000000081f00000| Untracked 
|   4|0x0000000082000000, 0x0000000082100000, 0x0000000082100000|100%| O|  |TAMS 0x0000000082100000, 0x0000000082000000| Untracked 
|   5|0x0000000082100000, 0x0000000082200000, 0x0000000082200000|100%| O|  |TAMS 0x0000000082200000, 0x0000000082100000| Untracked 
|   6|0x0000000082200000, 0x000000008226e400, 0x0000000082300000| 43%| O|  |TAMS 0x000000008226e400, 0x0000000082200000| Untracked 
|   7|0x0000000082300000, 0x0000000082400000, 0x0000000082400000|100%|HS|  |TAMS 0x0000000082300000, 0x0000000082300000| Complete 
|   8|0x0000000082400000, 0x0000000082500000, 0x0000000082500000|100%|HC|  |TAMS 0x0000000082400000, 0x0000000082400000| Complete 
|   9|0x0000000082500000, 0x0000000082600000, 0x0000000082600000|100%|HC|  |TAMS 0x0000000082500000, 0x0000000082500000| Complete 
|  10|0x0000000082600000, 0x0000000082700000, 0x0000000082700000|100%|HC|  |TAMS 0x0000000082600000, 0x0000000082600000| Complete 
|  11|0x0000000082700000, 0x0000000082800000, 0x0000000082800000|100%|HC|  |TAMS 0x0000000082700000, 0x0000000082700000| Complete 
|  12|0x0000000082800000, 0x0000000082800000, 0x0000000082900000|  0%| F|  |TAMS 0x0000000082800000, 0x0000000082800000| Untracked 
|  13|0x0000000082900000, 0x0000000082900000, 0x0000000082a00000|  0%| F|  |TAMS 0x0000000082900000, 0x0000000082900000| Untracked 
|  14|0x0000000082a00000, 0x0000000082a00000, 0x0000000082b00000|  0%| F|  |TAMS 0x0000000082a00000, 0x0000000082a00000| Untracked 
|  15|0x0000000082b00000, 0x0000000082b00000, 0x0000000082c00000|  0%| F|  |TAMS 0x0000000082b00000, 0x0000000082b00000| Untracked 
|  16|0x0000000082c00000, 0x0000000082c00000, 0x0000000082d00000|  0%| F|  |TAMS 0x0000000082c00000, 0x0000000082c00000| Untracked 
|  17|0x0000000082d00000, 0x0000000082d00000, 0x0000000082e00000|  0%| F|  |TAMS 0x0000000082d00000, 0x0000000082d00000| Untracked 
|  18|0x0000000082e00000, 0x0000000082e00000, 0x0000000082f00000|  0%| F|  |TAMS 0x0000000082e00000, 0x0000000082e00000| Untracked 
|  19|0x0000000082f00000, 0x0000000082f00000, 0x0000000083000000|  0%| F|  |TAMS 0x0000000082f00000, 0x0000000082f00000| Untracked 
|  20|0x0000000083000000, 0x0000000083000000, 0x0000000083100000|  0%| F|  |TAMS 0x0000000083000000, 0x0000000083000000| Untracked 
|  21|0x0000000083100000, 0x0000000083100000, 0x0000000083200000|  0%| F|  |TAMS 0x0000000083100000, 0x0000000083100000| Untracked 
|  22|0x0000000083200000, 0x0000000083200000, 0x0000000083300000|  0%| F|  |TAMS 0x0000000083200000, 0x0000000083200000| Untracked 
|  23|0x0000000083300000, 0x0000000083300000, 0x0000000083400000|  0%| F|  |TAMS 0x0000000083300000, 0x0000000083300000| Untracked 
|  24|0x0000000083400000, 0x0000000083400000, 0x0000000083500000|  0%| F|  |TAMS 0x0000000083400000, 0x0000000083400000| Untracked 
|  25|0x0000000083500000, 0x0000000083500000, 0x0000000083600000|  0%| F|  |TAMS 0x0000000083500000, 0x0000000083500000| Untracked 
|  26|0x0000000083600000, 0x0000000083600000, 0x0000000083700000|  0%| F|  |TAMS 0x0000000083600000, 0x0000000083600000| Untracked 
|  27|0x0000000083700000, 0x0000000083700000, 0x0000000083800000|  0%| F|  |TAMS 0x0000000083700000, 0x0000000083700000| Untracked 
|  28|0x0000000083800000, 0x0000000083800000, 0x0000000083900000|  0%| F|  |TAMS 0x0000000083800000, 0x0000000083800000| Untracked 
|  29|0x0000000083900000, 0x0000000083900000, 0x0000000083a00000|  0%| F|  |TAMS 0x0000000083900000, 0x0000000083900000| Untracked 
|  30|0x0000000083a00000, 0x0000000083a00000, 0x0000000083b00000|  0%| F|  |TAMS 0x0000000083a00000, 0x0000000083a00000| Untracked 
|  31|0x0000000083b00000, 0x0000000083b00000, 0x0000000083c00000|  0%| F|  |TAMS 0x0000000083b00000, 0x0000000083b00000| Untracked 
|  32|0x0000000083c00000, 0x0000000083c00000, 0x0000000083d00000|  0%| F|  |TAMS 0x0000000083c00000, 0x0000000083c00000| Untracked 
|  33|0x0000000083d00000, 0x0000000083d00000, 0x0000000083e00000|  0%| F|  |TAMS 0x0000000083d00000, 0x0000000083d00000| Untracked 
|  34|0x0000000083e00000, 0x0000000083e00000, 0x0000000083f00000|  0%| F|  |TAMS 0x0000000083e00000, 0x0000000083e00000| Untracked 
|  35|0x0000000083f00000, 0x0000000083f00000, 0x0000000084000000|  0%| F|  |TAMS 0x0000000083f00000, 0x0000000083f00000| Untracked 
|  36|0x0000000084000000, 0x0000000084000000, 0x0000000084100000|  0%| F|  |TAMS 0x0000000084000000, 0x0000000084000000| Untracked 
|  37|0x0000000084100000, 0x0000000084100000, 0x0000000084200000|  0%| F|  |TAMS 0x0000000084100000, 0x0000000084100000| Untracked 
|  38|0x0000000084200000, 0x0000000084200000, 0x0000000084300000|  0%| F|  |TAMS 0x0000000084200000, 0x0000000084200000| Untracked 
|  39|0x0000000084300000, 0x0000000084300000, 0x0000000084400000|  0%| F|  |TAMS 0x0000000084300000, 0x0000000084300000| Untracked 
|  40|0x0000000084400000, 0x0000000084400000, 0x0000000084500000|  0%| F|  |TAMS 0x0000000084400000, 0x0000000084400000| Untracked 
|  41|0x0000000084500000, 0x0000000084500000, 0x0000000084600000|  0%| F|  |TAMS 0x0000000084500000, 0x0000000084500000| Untracked 
|  42|0x0000000084600000, 0x0000000084600000, 0x0000000084700000|  0%| F|  |TAMS 0x0000000084600000, 0x0000000084600000| Untracked 
|  43|0x0000000084700000, 0x0000000084700000, 0x0000000084800000|  0%| F|  |TAMS 0x0000000084700000, 0x0000000084700000| Untracked 
|  44|0x0000000084800000, 0x0000000084800000, 0x0000000084900000|  0%| F|  |TAMS 0x0000000084800000, 0x0000000084800000| Untracked 
|  45|0x0000000084900000, 0x0000000084900000, 0x0000000084a00000|  0%| F|  |TAMS 0x0000000084900000, 0x0000000084900000| Untracked 
|  46|0x0000000084a00000, 0x0000000084a00000, 0x0000000084b00000|  0%| F|  |TAMS 0x0000000084a00000, 0x0000000084a00000| Untracked 
|  47|0x0000000084b00000, 0x0000000084b00000, 0x0000000084c00000|  0%| F|  |TAMS 0x0000000084b00000, 0x0000000084b00000| Untracked 
|  48|0x0000000084c00000, 0x0000000084c00000, 0x0000000084d00000|  0%| F|  |TAMS 0x0000000084c00000, 0x0000000084c00000| Untracked 
|  49|0x0000000084d00000, 0x0000000084d00000, 0x0000000084e00000|  0%| F|  |TAMS 0x0000000084d00000, 0x0000000084d00000| Untracked 
|  50|0x0000000084e00000, 0x0000000084e00000, 0x0000000084f00000|  0%| F|  |TAMS 0x0000000084e00000, 0x0000000084e00000| Untracked 
|  51|0x0000000084f00000, 0x0000000084f00000, 0x0000000085000000|  0%| F|  |TAMS 0x0000000084f00000, 0x0000000084f00000| Untracked 
|  52|0x0000000085000000, 0x0000000085000000, 0x0000000085100000|  0%| F|  |TAMS 0x0000000085000000, 0x0000000085000000| Untracked 
|  53|0x0000000085100000, 0x0000000085100000, 0x0000000085200000|  0%| F|  |TAMS 0x0000000085100000, 0x0000000085100000| Untracked 
|  54|0x0000000085200000, 0x0000000085200000, 0x0000000085300000|  0%| F|  |TAMS 0x0000000085200000, 0x0000000085200000| Untracked 
|  55|0x0000000085300000, 0x0000000085300000, 0x0000000085400000|  0%| F|  |TAMS 0x0000000085300000, 0x0000000085300000| Untracked 
|  56|0x0000000085400000, 0x0000000085400000, 0x0000000085500000|  0%| F|  |TAMS 0x0000000085400000, 0x0000000085400000| Untracked 
|  57|0x0000000085500000, 0x0000000085500000, 0x0000000085600000|  0%| F|  |TAMS 0x0000000085500000, 0x0000000085500000| Untracked 
|  58|0x0000000085600000, 0x0000000085600000, 0x0000000085700000|  0%| F|  |TAMS 0x0000000085600000, 0x0000000085600000| Untracked 
|  59|0x0000000085700000, 0x0000000085700000, 0x0000000085800000|  0%| F|  |TAMS 0x0000000085700000, 0x0000000085700000| Untracked 
|  60|0x0000000085800000, 0x0000000085800000, 0x0000000085900000|  0%| F|  |TAMS 0x0000000085800000, 0x0000000085800000| Untracked 
|  61|0x0000000085900000, 0x0000000085900000, 0x0000000085a00000|  0%| F|  |TAMS 0x0000000085900000, 0x0000000085900000| Untracked 
|  62|0x0000000085a00000, 0x0000000085a00000, 0x0000000085b00000|  0%| F|  |TAMS 0x0000000085a00000, 0x0000000085a00000| Untracked 
|  63|0x0000000085b00000, 0x0000000085b00000, 0x0000000085c00000|  0%| F|  |TAMS 0x0000000085b00000, 0x0000000085b00000| Untracked 
|  64|0x0000000085c00000, 0x0000000085c00000, 0x0000000085d00000|  0%| F|  |TAMS 0x0000000085c00000, 0x0000000085c00000| Untracked 
|  65|0x0000000085d00000, 0x0000000085d00000, 0x0000000085e00000|  0%| F|  |TAMS 0x0000000085d00000, 0x0000000085d00000| Untracked 
|  66|0x0000000085e00000, 0x0000000085e00000, 0x0000000085f00000|  0%| F|  |TAMS 0x0000000085e00000, 0x0000000085e00000| Untracked 
|  67|0x0000000085f00000, 0x0000000085f00000, 0x0000000086000000|  0%| F|  |TAMS 0x0000000085f00000, 0x0000000085f00000| Untracked 
|  68|0x0000000086000000, 0x0000000086000000, 0x0000000086100000|  0%| F|  |TAMS 0x0000000086000000, 0x0000000086000000| Untracked 
|  69|0x0000000086100000, 0x0000000086100000, 0x0000000086200000|  0%| F|  |TAMS 0x0000000086100000, 0x0000000086100000| Untracked 
|  70|0x0000000086200000, 0x0000000086200000, 0x0000000086300000|  0%| F|  |TAMS 0x0000000086200000, 0x0000000086200000| Untracked 
|  71|0x0000000086300000, 0x0000000086300000, 0x0000000086400000|  0%| F|  |TAMS 0x0000000086300000, 0x0000000086300000| Untracked 
|  72|0x0000000086400000, 0x0000000086400000, 0x0000000086500000|  0%| F|  |TAMS 0x0000000086400000, 0x0000000086400000| Untracked 
|  73|0x0000000086500000, 0x0000000086500000, 0x0000000086600000|  0%| F|  |TAMS 0x0000000086500000, 0x0000000086500000| Untracked 
|  74|0x0000000086600000, 0x0000000086600000, 0x0000000086700000|  0%| F|  |TAMS 0x0000000086600000, 0x0000000086600000| Untracked 
|  75|0x0000000086700000, 0x0000000086700000, 0x0000000086800000|  0%| F|  |TAMS 0x0000000086700000, 0x0000000086700000| Untracked 
|  76|0x0000000086800000, 0x0000000086800000, 0x0000000086900000|  0%| F|  |TAMS 0x0000000086800000, 0x0000000086800000| Untracked 
|  77|0x0000000086900000, 0x0000000086900000, 0x0000000086a00000|  0%| F|  |TAMS 0x0000000086900000, 0x0000000086900000| Untracked 
|  78|0x0000000086a00000, 0x0000000086a00000, 0x0000000086b00000|  0%| F|  |TAMS 0x0000000086a00000, 0x0000000086a00000| Untracked 
|  79|0x0000000086b00000, 0x0000000086b00000, 0x0000000086c00000|  0%| F|  |TAMS 0x0000000086b00000, 0x0000000086b00000| Untracked 
|  80|0x0000000086c00000, 0x0000000086c00000, 0x0000000086d00000|  0%| F|  |TAMS 0x0000000086c00000, 0x0000000086c00000| Untracked 
|  81|0x0000000086d00000, 0x0000000086d00000, 0x0000000086e00000|  0%| F|  |TAMS 0x0000000086d00000, 0x0000000086d00000| Untracked 
|  82|0x0000000086e00000, 0x0000000086e80800, 0x0000000086f00000| 50%| E|  |TAMS 0x0000000086e00000, 0x0000000086e00000| Complete 
|  83|0x0000000086f00000, 0x0000000087000000, 0x0000000087000000|100%| E|CS|TAMS 0x0000000086f00000, 0x0000000086f00000| Complete 
|  84|0x0000000087000000, 0x0000000087100000, 0x0000000087100000|100%| E|CS|TAMS 0x0000000087000000, 0x0000000087000000| Complete 
|  85|0x0000000087100000, 0x0000000087200000, 0x0000000087200000|100%| E|CS|TAMS 0x0000000087100000, 0x0000000087100000| Complete 
|  86|0x0000000087200000, 0x0000000087300000, 0x0000000087300000|100%| E|CS|TAMS 0x0000000087200000, 0x0000000087200000| Complete 
|  87|0x0000000087300000, 0x0000000087400000, 0x0000000087400000|100%| E|CS|TAMS 0x0000000087300000, 0x0000000087300000| Complete 
|  88|0x0000000087400000, 0x0000000087500000, 0x0000000087500000|100%| E|CS|TAMS 0x0000000087400000, 0x0000000087400000| Complete 
|  89|0x0000000087500000, 0x0000000087600000, 0x0000000087600000|100%| E|CS|TAMS 0x0000000087500000, 0x0000000087500000| Complete 
|  90|0x0000000087600000, 0x0000000087700000, 0x0000000087700000|100%| E|CS|TAMS 0x0000000087600000, 0x0000000087600000| Complete 
|  91|0x0000000087700000, 0x0000000087800000, 0x0000000087800000|100%| E|CS|TAMS 0x0000000087700000, 0x0000000087700000| Complete 
|  92|0x0000000087800000, 0x0000000087900000, 0x0000000087900000|100%| E|CS|TAMS 0x0000000087800000, 0x0000000087800000| Complete 
|  93|0x0000000087900000, 0x0000000087a00000, 0x0000000087a00000|100%| E|CS|TAMS 0x0000000087900000, 0x0000000087900000| Complete 
|  94|0x0000000087a00000, 0x0000000087b00000, 0x0000000087b00000|100%| E|CS|TAMS 0x0000000087a00000, 0x0000000087a00000| Complete 
|  95|0x0000000087b00000, 0x0000000087c00000, 0x0000000087c00000|100%| E|CS|TAMS 0x0000000087b00000, 0x0000000087b00000| Complete 
|  96|0x0000000087c00000, 0x0000000087d00000, 0x0000000087d00000|100%| E|CS|TAMS 0x0000000087c00000, 0x0000000087c00000| Complete 
|  97|0x0000000087d00000, 0x0000000087e00000, 0x0000000087e00000|100%| E|CS|TAMS 0x0000000087d00000, 0x0000000087d00000| Complete 
|  98|0x0000000087e00000, 0x0000000087f00000, 0x0000000087f00000|100%| E|CS|TAMS 0x0000000087e00000, 0x0000000087e00000| Complete 
|  99|0x0000000087f00000, 0x0000000088000000, 0x0000000088000000|100%| E|CS|TAMS 0x0000000087f00000, 0x0000000087f00000| Complete 
| 100|0x0000000088000000, 0x0000000088100000, 0x0000000088100000|100%| E|CS|TAMS 0x0000000088000000, 0x0000000088000000| Complete 
| 101|0x0000000088100000, 0x0000000088200000, 0x0000000088200000|100%| E|CS|TAMS 0x0000000088100000, 0x0000000088100000| Complete 
| 102|0x0000000088200000, 0x0000000088300000, 0x0000000088300000|100%| E|CS|TAMS 0x0000000088200000, 0x0000000088200000| Complete 
| 103|0x0000000088300000, 0x0000000088400000, 0x0000000088400000|100%| E|CS|TAMS 0x0000000088300000, 0x0000000088300000| Complete 
| 104|0x0000000088400000, 0x0000000088500000, 0x0000000088500000|100%| E|CS|TAMS 0x0000000088400000, 0x0000000088400000| Complete 
| 105|0x0000000088500000, 0x0000000088600000, 0x0000000088600000|100%| E|CS|TAMS 0x0000000088500000, 0x0000000088500000| Complete 
| 106|0x0000000088600000, 0x00000000886f8e08, 0x0000000088700000| 97%| S|CS|TAMS 0x0000000088600000, 0x0000000088600000| Complete 
| 107|0x0000000088700000, 0x0000000088800000, 0x0000000088800000|100%| S|CS|TAMS 0x0000000088700000, 0x0000000088700000| Complete 
| 108|0x0000000088800000, 0x0000000088900000, 0x0000000088900000|100%| S|CS|TAMS 0x0000000088800000, 0x0000000088800000| Complete 
| 109|0x0000000088900000, 0x0000000088a00000, 0x0000000088a00000|100%| E|CS|TAMS 0x0000000088900000, 0x0000000088900000| Complete 
| 110|0x0000000088a00000, 0x0000000088b00000, 0x0000000088b00000|100%| E|CS|TAMS 0x0000000088a00000, 0x0000000088a00000| Complete 
| 111|0x0000000088b00000, 0x0000000088c00000, 0x0000000088c00000|100%| E|CS|TAMS 0x0000000088b00000, 0x0000000088b00000| Complete 
| 112|0x0000000088c00000, 0x0000000088d00000, 0x0000000088d00000|100%| E|CS|TAMS 0x0000000088c00000, 0x0000000088c00000| Complete 
| 113|0x0000000088d00000, 0x0000000088e00000, 0x0000000088e00000|100%| E|CS|TAMS 0x0000000088d00000, 0x0000000088d00000| Complete 
| 114|0x0000000088e00000, 0x0000000088f00000, 0x0000000088f00000|100%| E|CS|TAMS 0x0000000088e00000, 0x0000000088e00000| Complete 
| 115|0x0000000088f00000, 0x0000000089000000, 0x0000000089000000|100%| E|CS|TAMS 0x0000000088f00000, 0x0000000088f00000| Complete 
| 116|0x0000000089000000, 0x0000000089100000, 0x0000000089100000|100%| E|CS|TAMS 0x0000000089000000, 0x0000000089000000| Complete 
| 117|0x0000000089100000, 0x0000000089200000, 0x0000000089200000|100%| E|CS|TAMS 0x0000000089100000, 0x0000000089100000| Complete 
| 118|0x0000000089200000, 0x0000000089300000, 0x0000000089300000|100%| E|CS|TAMS 0x0000000089200000, 0x0000000089200000| Complete 
| 119|0x0000000089300000, 0x0000000089400000, 0x0000000089400000|100%| E|CS|TAMS 0x0000000089300000, 0x0000000089300000| Complete 
| 120|0x0000000089400000, 0x0000000089500000, 0x0000000089500000|100%| E|CS|TAMS 0x0000000089400000, 0x0000000089400000| Complete 
| 121|0x0000000089500000, 0x0000000089600000, 0x0000000089600000|100%| E|CS|TAMS 0x0000000089500000, 0x0000000089500000| Complete 
| 122|0x0000000089600000, 0x0000000089700000, 0x0000000089700000|100%| E|CS|TAMS 0x0000000089600000, 0x0000000089600000| Complete 
| 123|0x0000000089700000, 0x0000000089800000, 0x0000000089800000|100%| E|CS|TAMS 0x0000000089700000, 0x0000000089700000| Complete 
| 124|0x0000000089800000, 0x0000000089900000, 0x0000000089900000|100%| E|CS|TAMS 0x0000000089800000, 0x0000000089800000| Complete 
| 125|0x0000000089900000, 0x0000000089a00000, 0x0000000089a00000|100%| E|CS|TAMS 0x0000000089900000, 0x0000000089900000| Complete 
| 126|0x0000000089a00000, 0x0000000089b00000, 0x0000000089b00000|100%| E|CS|TAMS 0x0000000089a00000, 0x0000000089a00000| Complete 
| 127|0x0000000089b00000, 0x0000000089c00000, 0x0000000089c00000|100%| E|CS|TAMS 0x0000000089b00000, 0x0000000089b00000| Complete 

Card table byte_map: [0x000002bc62480000,0x000002bc62880000] _byte_map_base: 0x000002bc62072000

Marking Bits (Prev, Next): (CMBitMap*) 0x000002bc4b9d8730, (CMBitMap*) 0x000002bc4b9d86f8
 Prev Bits: [0x000002bc64c10000, 0x000002bc66ba0000)
 Next Bits: [0x000002bc62c80000, 0x000002bc64c10000)

Polling page: 0x000002bc49960000

Metaspace:

Usage:
  Non-class:     25.33 MB capacity,    24.78 MB ( 98%) used,   460.46 KB (  2%) free+waste,   102.12 KB ( <1%) overhead. 
      Class:      3.69 MB capacity,     3.29 MB ( 89%) used,   355.78 KB (  9%) free+waste,    52.75 KB (  1%) overhead. 
       Both:     29.02 MB capacity,    28.08 MB ( 97%) used,   816.24 KB (  3%) free+waste,   154.88 KB ( <1%) overhead. 

Virtual space:
  Non-class space:       26.00 MB reserved,      25.42 MB ( 98%) committed 
      Class space:        1.00 GB reserved,       3.75 MB ( <1%) committed 
             Both:        1.03 GB reserved,      29.17 MB (  3%) committed 

Chunk freelists:
   Non-Class:  3.38 KB
       Class:  3.25 KB
        Both:  6.62 KB

CodeHeap 'non-profiled nmethods': size=120064Kb used=951Kb max_used=951Kb free=119112Kb
 bounds [0x000002bc5ab40000, 0x000002bc5adb0000, 0x000002bc62080000]
CodeHeap 'profiled nmethods': size=120000Kb used=4559Kb max_used=4559Kb free=115440Kb
 bounds [0x000002bc53610000, 0x000002bc53a90000, 0x000002bc5ab40000]
CodeHeap 'non-nmethods': size=5696Kb used=1211Kb max_used=1242Kb free=4484Kb
 bounds [0x000002bc53080000, 0x000002bc532f0000, 0x000002bc53610000]
 total_blobs=2904 nmethods=2331 adapters=484
 compilation: enabled
              stopped_count=0, restarted_count=0
 full_count=0

Compilation events (10 events):
Event: 10.285 Thread 0x000002bc690b1800 2302       3       jdk.internal.org.objectweb.asm.FieldVisitor::<init> (35 bytes)
Event: 10.285 Thread 0x000002bc690b1800 nmethod 2302 0x000002bc53a72c10 code [0x000002bc53a72dc0, 0x000002bc53a730a8]
Event: 10.290 Thread 0x000002bc690b1800 2304       3       org.openqa.selenium.internal.Require::nonNull (27 bytes)
Event: 10.292 Thread 0x000002bc690b1800 nmethod 2304 0x000002bc53a73190 code [0x000002bc53a73400, 0x000002bc53a73f08]
Event: 10.365 Thread 0x000002bc690b1800 2305       1       com.google.common.collect.ImmutableEntry::getKey (5 bytes)
Event: 10.365 Thread 0x000002bc690b1800 nmethod 2305 0x000002bc5ac2d390 code [0x000002bc5ac2d520, 0x000002bc5ac2d5d8]
Event: 10.396 Thread 0x000002bc690b1800 2307       3       com.google.common.base.Preconditions::checkNotNull (14 bytes)
Event: 10.396 Thread 0x000002bc690b1800 nmethod 2307 0x000002bc53a74310 code [0x000002bc53a744c0, 0x000002bc53a74688]
Event: 10.417 Thread 0x000002bc690b1800 2308       3       org.openqa.selenium.json.Types::narrow (62 bytes)
Event: 10.419 Thread 0x000002bc690b1800 nmethod 2308 0x000002bc53a74790 code [0x000002bc53a74a60, 0x000002bc53a759c8]

GC Heap History (8 events):
Event: 0.822 GC heap before
{Heap before GC invocations=0 (full 0):
 garbage-first heap   total 131072K, used 14336K [0x0000000081c00000, 0x0000000100000000)
  region size 1024K, 14 young (14336K), 0 survivors (0K)
 Metaspace       used 9541K, capacity 9717K, committed 9984K, reserved 1058816K
  class space    used 868K, capacity 922K, committed 1024K, reserved 1048576K
}
Event: 0.836 GC heap after
{Heap after GC invocations=1 (full 0):
 garbage-first heap   total 131072K, used 7030K [0x0000000081c00000, 0x0000000100000000)
  region size 1024K, 2 young (2048K), 2 survivors (2048K)
 Metaspace       used 9541K, capacity 9717K, committed 9984K, reserved 1058816K
  class space    used 868K, capacity 922K, committed 1024K, reserved 1048576K
}
Event: 2.054 GC heap before
{Heap before GC invocations=1 (full 0):
 garbage-first heap   total 131072K, used 13174K [0x0000000081c00000, 0x0000000100000000)
  region size 1024K, 8 young (8192K), 2 survivors (2048K)
 Metaspace       used 10938K, capacity 11101K, committed 11392K, reserved 1058816K
  class space    used 1034K, capacity 1111K, committed 1152K, reserved 1048576K
}
Event: 2.058 GC heap after
{Heap after GC invocations=2 (full 0):
 garbage-first heap   total 131072K, used 6918K [0x0000000081c00000, 0x0000000100000000)
  region size 1024K, 1 young (1024K), 1 survivors (1024K)
 Metaspace       used 10938K, capacity 11101K, committed 11392K, reserved 1058816K
  class space    used 1034K, capacity 1111K, committed 1152K, reserved 1048576K
}
Event: 4.103 GC heap before
{Heap before GC invocations=2 (full 0):
 garbage-first heap   total 131072K, used 36614K [0x0000000081c00000, 0x0000000100000000)
  region size 1024K, 30 young (30720K), 1 survivors (1024K)
 Metaspace       used 16816K, capacity 17525K, committed 17792K, reserved 1064960K
  class space    used 1848K, capacity 2144K, committed 2176K, reserved 1048576K
}
Event: 4.108 GC heap after
{Heap after GC invocations=3 (full 0):
 garbage-first heap   total 131072K, used 8382K [0x0000000081c00000, 0x0000000100000000)
  region size 1024K, 2 young (2048K), 2 survivors (2048K)
 Metaspace       used 16816K, capacity 17525K, committed 17792K, reserved 1064960K
  class space    used 1848K, capacity 2144K, committed 2176K, reserved 1048576K
}
Event: 4.689 GC heap before
{Heap before GC invocations=3 (full 0):
 garbage-first heap   total 131072K, used 26814K [0x0000000081c00000, 0x0000000100000000)
  region size 1024K, 21 young (21504K), 2 survivors (2048K)
 Metaspace       used 20404K, capacity 21138K, committed 21296K, reserved 1069056K
  class space    used 2293K, capacity 2623K, committed 2688K, reserved 1048576K
}
Event: 4.696 GC heap after
{Heap after GC invocations=4 (full 0):
 garbage-first heap   total 131072K, used 9628K [0x0000000081c00000, 0x0000000100000000)
  region size 1024K, 3 young (3072K), 3 survivors (3072K)
 Metaspace       used 20404K, capacity 21138K, committed 21296K, reserved 1069056K
  class space    used 2293K, capacity 2623K, committed 2688K, reserved 1048576K
}

Deoptimization events (10 events):
Event: 2.775 Thread 0x000002bc4b99a800 Uncommon trap: reason=intrinsic_or_type_checked_inlining action=make_not_entrant pc=0x000002bc5abb8bd4 method=java.util.Arrays.copyOf([Ljava/lang/Object;ILjava/lang/Class;)[Ljava/lang/Object; @ 35 c2
Event: 3.062 Thread 0x000002bc4b99a800 Uncommon trap: reason=unstable_if action=reinterpret pc=0x000002bc5abcb214 method=java.util.concurrent.ConcurrentHashMap.putVal(Ljava/lang/Object;Ljava/lang/Object;Z)Ljava/lang/Object; @ 148 c2
Event: 3.124 Thread 0x000002bc4b99a800 Uncommon trap: reason=unstable_if action=reinterpret pc=0x000002bc5ab72a54 method=java.util.jar.JarFile.getVersionedEntry(Ljava/lang/String;Ljava/util/jar/JarEntry;)Ljava/util/jar/JarEntry; @ 7 c2
Event: 3.993 Thread 0x000002bc4b99a800 Uncommon trap: reason=unstable_if action=reinterpret pc=0x000002bc5ab97604 method=jdk.internal.org.objectweb.asm.Type.getArgumentsAndReturnSizes(Ljava/lang/String;)I @ 41 c2
Event: 3.993 Thread 0x000002bc4b99a800 Uncommon trap: reason=unstable_if action=reinterpret pc=0x000002bc5abd86b0 method=jdk.internal.org.objectweb.asm.Type.getArgumentsAndReturnSizes(Ljava/lang/String;)I @ 41 c2
Event: 4.624 Thread 0x000002bc4b99a800 Uncommon trap: reason=unstable_if action=reinterpret pc=0x000002bc5abec58c method=java.lang.StringLatin1.regionMatchesCI([BI[BII)Z @ 66 c2
Event: 4.844 Thread 0x000002bc4b99a800 Uncommon trap: reason=unstable_if action=reinterpret pc=0x000002bc5ab753a8 method=java.lang.Integer.getChars(II[B)I @ 25 c2
Event: 5.273 Thread 0x000002bc4b99a800 Uncommon trap: reason=unstable_if action=reinterpret pc=0x000002bc5abcece0 method=java.lang.String.replace(CC)Ljava/lang/String; @ 2 c2
Event: 5.765 Thread 0x000002bc4b99a800 Uncommon trap: reason=unstable_if action=reinterpret pc=0x000002bc5ac03f18 method=java.io.ByteArrayInputStream.read([BII)I @ 35 c2
Event: 7.199 Thread 0x000002bc6b3c6000 Uncommon trap: reason=unstable_if action=reinterpret pc=0x000002bc5ab55744 method=java.lang.CharacterData.of(I)Ljava/lang/CharacterData; @ 4 c2

Classes redefined (0 events):
No events

Internal exceptions (10 events):
Event: 4.636 Thread 0x000002bc4b99a800 Exception <a 'java/lang/NoSuchMethodError'{0x0000000088a99bb8}: java.lang.invoke.DirectMethodHandle$Holder.invokeStaticInit(Ljava/lang/Object;Ljava/lang/Object;Ljava/lang/Object;Ljava/lang/Object;)I> (0x0000000088a99bb8) thrown at [./open/src/hotspot/shar
Event: 5.238 Thread 0x000002bc4b99a800 Exception <a 'java/lang/NoSuchMethodError'{0x0000000088c68390}: java.lang.invoke.DirectMethodHandle$Holder.invokeInterface(Ljava/lang/Object;Ljava/lang/Object;Ljava/lang/Object;)Ljava/lang/Object;> (0x0000000088c68390) thrown at [./open/src/hotspot/share/
Event: 5.238 Thread 0x000002bc4b99a800 Exception <a 'java/lang/IncompatibleClassChangeError'{0x0000000088c6b5c0}: Found class java.lang.Object, but interface was expected> (0x0000000088c6b5c0) thrown at [./open/src/hotspot/share/interpreter/linkResolver.cpp, line 838]
Event: 5.241 Thread 0x000002bc4b99a800 Exception <a 'java/lang/NoSuchMethodError'{0x0000000088c73a98}: java.lang.invoke.DirectMethodHandle$Holder.invokeSpecialIFC(Ljava/lang/Object;Ljava/lang/Object;Ljava/lang/Object;Ljava/lang/Object;)I> (0x0000000088c73a98) thrown at [./open/src/hotspot/shar
Event: 5.376 Thread 0x000002bc6ab9c000 Exception <a 'java/net/ConnectException'{0x0000000088aff268}: Connection refused: connect> (0x0000000088aff268) thrown at [./open/src/hotspot/share/prims/jni.cpp, line 632]
Event: 5.392 Thread 0x000002bc6ab9c000 Exception <a 'java/net/ConnectException'{0x00000000889004f8}: Connection refused: connect> (0x00000000889004f8) thrown at [./open/src/hotspot/share/prims/jni.cpp, line 632]
Event: 5.428 Thread 0x000002bc6ab9c000 Exception <a 'java/net/ConnectException'{0x0000000088901660}: Connection refused: connect> (0x0000000088901660) thrown at [./open/src/hotspot/share/prims/jni.cpp, line 632]
Event: 5.580 Thread 0x000002bc4b99a800 Exception <a 'java/lang/NoSuchMethodError'{0x0000000088577700}: java.lang.invoke.DirectMethodHandle$Holder.invokeStatic(Ljava/lang/Object;Ljava/lang/Object;I)V> (0x0000000088577700) thrown at [./open/src/hotspot/share/interpreter/linkResolver.cpp, line 77
Event: 5.832 Thread 0x000002bc4b99a800 Exception <a 'java/lang/NoSuchMethodError'{0x00000000883aa378}: java.lang.invoke.DirectMethodHandle$Holder.invokeSpecialIFC(Ljava/lang/Object;Ljava/lang/Object;Ljava/lang/Object;)I> (0x00000000883aa378) thrown at [./open/src/hotspot/share/interpreter/link
Event: 5.987 Thread 0x000002bc4b99a800 Exception <a 'java/lang/NoSuchMethodError'{0x0000000087eaa188}: java.lang.invoke.DirectMethodHandle$Holder.invokeSpecial(Ljava/lang/Object;Ljava/lang/Object;Ljava/lang/Object;Ljava/lang/Object;Ljava/lang/Object;Ljava/lang/Object;)V> (0x0000000087eaa188) t

Events (10 events):
Event: 10.414 loading class com/google/common/io/ByteStreams$LimitedInputStream
Event: 10.414 loading class com/google/common/io/ByteStreams$LimitedInputStream done
Event: 10.415 loading class com/google/common/io/ByteArrayDataOutput
Event: 10.415 loading class com/google/common/io/ByteArrayDataOutput done
Event: 10.416 loading class com/google/common/io/ByteArrayDataInput
Event: 10.416 loading class com/google/common/io/ByteArrayDataInput done
Event: 10.418 loading class org/openqa/selenium/json/JsonInput
Event: 10.418 loading class org/openqa/selenium/json/JsonInput done
Event: 10.418 loading class org/openqa/selenium/json/JsonInput
Event: 10.418 loading class org/openqa/selenium/json/JsonInput done


Dynamic libraries:
0x00007ff7b32c0000 - 0x00007ff7b32d0000 	C:\Program Files\Java\jdk-11\bin\java.exe
0x00007ff8b3790000 - 0x00007ff8b3988000 	C:\Windows\SYSTEM32\ntdll.dll
0x00007ff8b2230000 - 0x00007ff8b22ef000 	C:\Windows\System32\KERNEL32.DLL
0x00007ff8b0f20000 - 0x00007ff8b1216000 	C:\Windows\System32\KERNELBASE.dll
0x00007ff8b14e0000 - 0x00007ff8b15e0000 	C:\Windows\System32\ucrtbase.dll
0x00007ff8ab870000 - 0x00007ff8ab88b000 	C:\Program Files\Java\jdk-11\bin\VCRUNTIME140.dll
0x00007ff8ab9c0000 - 0x00007ff8ab9d9000 	C:\Program Files\Java\jdk-11\bin\jli.dll
0x00007ff8b2050000 - 0x00007ff8b20ff000 	C:\Windows\System32\ADVAPI32.dll
0x00007ff8b2a80000 - 0x00007ff8b2b1e000 	C:\Windows\System32\msvcrt.dll
0x00007ff8b2300000 - 0x00007ff8b239c000 	C:\Windows\System32\sechost.dll
0x00007ff8b2100000 - 0x00007ff8b2226000 	C:\Windows\System32\RPCRT4.dll
0x00007ff8b26f0000 - 0x00007ff8b288d000 	C:\Windows\System32\USER32.dll
0x00007ff8a0a60000 - 0x00007ff8a0cfa000 	C:\Windows\WinSxS\amd64_microsoft.windows.common-controls_6595b64144ccf1df_6.0.19041.1110_none_60b5254171f9507e\COMCTL32.dll
0x00007ff8b15e0000 - 0x00007ff8b1602000 	C:\Windows\System32\win32u.dll
0x00007ff8b1e10000 - 0x00007ff8b1e3c000 	C:\Windows\System32\GDI32.dll
0x00007ff8b1220000 - 0x00007ff8b1335000 	C:\Windows\System32\gdi32full.dll
0x00007ff8b1340000 - 0x00007ff8b13dd000 	C:\Windows\System32\msvcp_win.dll
0x00007ff8a3380000 - 0x00007ff8a338a000 	C:\Windows\SYSTEM32\VERSION.dll
0x00007ff8b1fc0000 - 0x00007ff8b1ff0000 	C:\Windows\System32\IMM32.DLL
0x00007ff89c170000 - 0x00007ff89c17c000 	C:\Program Files\Java\jdk-11\bin\vcruntime140_1.dll
0x00007ff848710000 - 0x00007ff84879e000 	C:\Program Files\Java\jdk-11\bin\msvcp140.dll
0x00007ff81fa30000 - 0x00007ff82059c000 	C:\Program Files\Java\jdk-11\bin\server\jvm.dll
0x00007ff8b25e0000 - 0x00007ff8b25e8000 	C:\Windows\System32\PSAPI.DLL
0x00007ff89fb10000 - 0x00007ff89fb19000 	C:\Windows\SYSTEM32\WSOCK32.dll
0x00007ff8b2b20000 - 0x00007ff8b2b8b000 	C:\Windows\System32\WS2_32.dll
0x00007ff8a36e0000 - 0x00007ff8a3707000 	C:\Windows\SYSTEM32\WINMM.dll
0x00007ff8af670000 - 0x00007ff8af682000 	C:\Windows\SYSTEM32\kernel.appcore.dll
0x00007ff89c160000 - 0x00007ff89c170000 	C:\Program Files\Java\jdk-11\bin\verify.dll
0x00007ff8ac6f0000 - 0x00007ff8ac8d4000 	C:\Windows\SYSTEM32\DBGHELP.DLL
0x00007ff8a8590000 - 0x00007ff8a85c4000 	C:\Windows\SYSTEM32\dbgcore.DLL
0x00007ff8b1450000 - 0x00007ff8b14d2000 	C:\Windows\System32\bcryptPrimitives.dll
0x00007ff8890b0000 - 0x00007ff8890d8000 	C:\Program Files\Java\jdk-11\bin\java.dll
0x00007ff89c0f0000 - 0x00007ff89c0fa000 	C:\Program Files\Java\jdk-11\bin\jimage.dll
0x00007ff8990a0000 - 0x00007ff8990b7000 	C:\Program Files\Java\jdk-11\bin\zip.dll
0x00007ff8b3000000 - 0x00007ff8b3744000 	C:\Windows\System32\SHELL32.dll
0x00007ff8aeec0000 - 0x00007ff8af653000 	C:\Windows\SYSTEM32\windows.storage.dll
0x00007ff8b1880000 - 0x00007ff8b1bd4000 	C:\Windows\System32\combase.dll
0x00007ff8b0700000 - 0x00007ff8b072e000 	C:\Windows\SYSTEM32\Wldp.dll
0x00007ff8b2530000 - 0x00007ff8b25dd000 	C:\Windows\System32\SHCORE.dll
0x00007ff8b2900000 - 0x00007ff8b2955000 	C:\Windows\System32\shlwapi.dll
0x00007ff8b0db0000 - 0x00007ff8b0dcf000 	C:\Windows\SYSTEM32\profapi.dll
0x00007ff886c60000 - 0x00007ff886c79000 	C:\Program Files\Java\jdk-11\bin\net.dll
0x00007ff8a6f60000 - 0x00007ff8a706a000 	C:\Windows\SYSTEM32\WINHTTP.dll
0x00007ff8b04e0000 - 0x00007ff8b054a000 	C:\Windows\system32\mswsock.dll
0x00007ff886c40000 - 0x00007ff886c52000 	C:\Program Files\Java\jdk-11\bin\nio.dll
0x00007ff89aab0000 - 0x00007ff89aab9000 	C:\Program Files\Java\jdk-11\bin\management.dll
0x00007ff895680000 - 0x00007ff89568b000 	C:\Program Files\Java\jdk-11\bin\management_ext.dll
0x00007ff8b0a50000 - 0x00007ff8b0a68000 	C:\Windows\SYSTEM32\CRYPTSP.dll
0x00007ff8afe20000 - 0x00007ff8afe54000 	C:\Windows\system32\rsaenh.dll
0x00007ff8b1660000 - 0x00007ff8b1687000 	C:\Windows\System32\bcrypt.dll
0x00007ff8b0d70000 - 0x00007ff8b0d9e000 	C:\Windows\SYSTEM32\USERENV.dll
0x00007ff8b0670000 - 0x00007ff8b067c000 	C:\Windows\SYSTEM32\CRYPTBASE.dll
0x00007ff8b01f0000 - 0x00007ff8b022c000 	C:\Windows\SYSTEM32\IPHLPAPI.DLL
0x00007ff8b2890000 - 0x00007ff8b2898000 	C:\Windows\System32\NSI.dll
0x00007ff8a8470000 - 0x00007ff8a8487000 	C:\Windows\SYSTEM32\dhcpcsvc6.DLL
0x00007ff8a9770000 - 0x00007ff8a978d000 	C:\Windows\SYSTEM32\dhcpcsvc.DLL
0x00007ff8b0230000 - 0x00007ff8b02fa000 	C:\Windows\SYSTEM32\DNSAPI.dll
0x00007ff8a25a0000 - 0x00007ff8a25aa000 	C:\Windows\System32\rasadhlp.dll
0x00007ff8a2f00000 - 0x00007ff8a2f82000 	C:\Windows\System32\fwpuclnt.dll
0x00007ff8ae530000 - 0x00007ff8ae5c1000 	C:\Windows\system32\apphelp.dll
0x00007ff882440000 - 0x00007ff882467000 	C:\Program Files\Java\jdk-11\bin\sunec.dll

dbghelp: loaded successfully - version: 4.0.5 - missing functions: none
symbol engine: initialized successfully - sym options: 0x614 - pdb path: .;C:\Program Files\Java\jdk-11\bin;C:\Windows\SYSTEM32;C:\Windows\WinSxS\amd64_microsoft.windows.common-controls_6595b64144ccf1df_6.0.19041.1110_none_60b5254171f9507e;C:\Program Files\Java\jdk-11\bin\server

VM Arguments:
java_command: C:\Users\DELL\AppData\Local\Temp\surefire17344494199870615136\surefirebooter-20230705180959268_3.jar C:\Users\DELL\AppData\Local\Temp\surefire17344494199870615136 2023-07-05T18-09-57_866-jvmRun1 surefire-20230705180959268_1tmp surefire_0-20230705180959268_2tmp
java_class_path (initial): C:\Users\DELL\AppData\Local\Temp\surefire17344494199870615136\surefirebooter-20230705180959268_3.jar
Launcher Type: SUN_STANDARD

[Global flags]
     intx CICompilerCount                          = 3                                         {product} {ergonomic}
     uint ConcGCThreads                            = 1                                         {product} {ergonomic}
     uint G1ConcRefinementThreads                  = 4                                         {product} {ergonomic}
   size_t G1HeapRegionSize                         = 1048576                                   {product} {ergonomic}
    uintx GCDrainStackTargetSize                   = 64                                        {product} {ergonomic}
   size_t InitialHeapSize                          = 134217728                                 {product} {ergonomic}
   size_t MarkStackSize                            = 4194304                                   {product} {ergonomic}
   size_t MaxHeapSize                              = 2118123520                                {product} {ergonomic}
   size_t MaxNewSize                               = 1270874112                                {product} {ergonomic}
   size_t MinHeapDeltaBytes                        = 1048576                                   {product} {ergonomic}
    uintx NonNMethodCodeHeapSize                   = 5830732                                {pd product} {ergonomic}
    uintx NonProfiledCodeHeapSize                  = 122913754                              {pd product} {ergonomic}
    uintx ProfiledCodeHeapSize                     = 122913754                              {pd product} {ergonomic}
    uintx ReservedCodeCacheSize                    = 251658240                              {pd product} {ergonomic}
     bool SegmentedCodeCache                       = true                                      {product} {ergonomic}
     bool UseCompressedClassPointers               = true                                 {lp64_product} {ergonomic}
     bool UseCompressedOops                        = true                                 {lp64_product} {ergonomic}
     bool UseG1GC                                  = true                                      {product} {ergonomic}
     bool UseLargePagesIndividualAllocation        = false                                  {pd product} {ergonomic}

Logging:
Log output configuration:
 #0: stdout all=warning uptime,level,tags
 #1: stderr all=off uptime,level,tags

Environment Variables:
JAVA_HOME=C:\Program Files\Java\jdk-11
PATH=C:\Program Files\Common Files\Oracle\Java\javapath;"C:\Program Files (x86)\Common Files\Oracle\Java\javapath;C:\Program Files (x86)\Java\jre1.8.0_281\bin;";C:\Windows\system32;C:\Windows;C:\Windows\System32\Wbem;C:\Windows\System32\WindowsPowerShell\v1.0\;C:\Windows\System32\OpenSSH\;C:\Program Files\Java\jdk-11\bin;C:\Program Files\nodejs\;C:\Users\DELL\node_modules\.bin;C:\Program Files (x86)\apache-maven-3.9.2\bin;C:\Program Files\Git\cmd;C:\Program Files\Docker\Docker\resources\bin;C:\Users\DELL\AppData\Local\Microsoft\WindowsApps;C:\Users\DELL\AppData\Roaming\npm;C:\Users\DELL\AppData\Local\Programs\Microsoft VS Code\bin;C:\Users\DELL\AppData\Local\GitHubDesktop\bin
USERNAME=DELL
OS=Windows_NT
PROCESSOR_IDENTIFIER=Intel64 Family 6 Model 61 Stepping 4, GenuineIntel



---------------  S Y S T E M  ---------------

OS: Windows 10 , 64 bit Build 19041 (10.0.19041.3031)
Hyper-V role detected

CPU:total 4 (initial active 4) (2 cores per cpu, 2 threads per core) family 6 model 61 stepping 4 microcode 0x2d, cmov, cx8, fxsr, mmx, sse, sse2, sse3, ssse3, sse4.1, sse4.2, popcnt, avx, avx2, aes, clmul, erms, rtm, 3dnowpref, lzcnt, ht, tsc, tscinvbit, bmi1, bmi2, adx, fma

Memory: 4k page, system-wide physical 8072M (583M free)
TotalPageFile size 17242M (AvailPageFile size 5M)
current process WorkingSet (physical memory assigned to process): 148M, peak: 148M
current process commit charge ("private bytes"): 254M, peak: 254M

vm_info: Java HotSpot(TM) 64-Bit Server VM (11.0.19+9-LTS-224) for windows-amd64 JRE (11.0.19+9-LTS-224), built on Mar 27 2023 08:48:55 by "mach5one" with MS VC++ 17.1 (VS2022)

END.
